<?xml version="1.0" encoding="UTF-8"?>
<!-- Generated by org.testng.reporters.JUnitXMLReporter -->
<testsuite hostname="IBM924-PC05NTJG" ignored="0" name="Default test" tests="6" failures="0" timestamp="20 Mar 2018 16:35:01 GMT" time="143.108" errors="0">
  <testcase name="EMRLogoImageTest" time="6.023" classname="com.emr.qa.testcases.LoginPageTest"/>
  <testcase name="LoginPagetitletest" time="0.049" classname="com.emr.qa.testcases.LoginPageTest"/>
  <testcase name="LoginTest" time="9.828" classname="com.emr.qa.testcases.LoginPageTest"/>
  <testcase name="forgotpintextTest" time="5.326" classname="com.emr.qa.testcases.LoginPageTest"/>
  <testcase name="resetpasswordtextTest" time="8.727" classname="com.emr.qa.testcases.LoginPageTest"/>
  <testcase name="retrievepasswordtextTest" time="6.068" classname="com.emr.qa.testcases.LoginPageTest"/>
</testsuite> <!-- Default test -->
