<?xml version="1.0" encoding="UTF-8"?>
<!-- Generated by org.testng.reporters.JUnitXMLReporter -->
<testsuite hostname="IBM924-PC05NTJG" ignored="1" name="Default test" tests="1" failures="0" timestamp="22 Mar 2018 15:02:04 GMT" time="66.132" errors="0">
  <testcase name="VerifyAuctionCreatedTest" time="60.07" classname="com.emr.qa.testcases.AuctionPageTest"/>
  <testcase name="AuctionCreationTest" time="0.0" classname="com.emr.qa.testcases.AuctionPageTest">
    <ignored/>
  </testcase> <!-- AuctionCreationTest -->
</testsuite> <!-- Default test -->
