<?xml version="1.0" encoding="UTF-8"?>
<testng-results skipped="0" failed="0" ignored="1" total="2" passed="1">
  <reporter-output>
  </reporter-output>
  <suite name="Default suite" duration-ms="66132" started-at="2018-03-22T15:00:57Z" finished-at="2018-03-22T15:02:04Z">
    <groups>
    </groups>
    <test name="Default test" duration-ms="66132" started-at="2018-03-22T15:00:57Z" finished-at="2018-03-22T15:02:04Z">
      <class name="com.emr.qa.testcases.AuctionPageTest">
        <test-method status="PASS" signature="setUp()[pri:0, instance:com.emr.qa.testcases.AuctionPageTest@6093dd95]" name="setUp" is-config="true" duration-ms="6026" started-at="2018-03-22T15:00:57Z" finished-at="2018-03-22T15:01:03Z">
          <reporter-output>
          </reporter-output>
        </test-method> <!-- setUp -->
        <test-method status="PASS" signature="VerifyAuctionCreatedTest()[pri:0, instance:com.emr.qa.testcases.AuctionPageTest@6093dd95]" name="VerifyAuctionCreatedTest" duration-ms="60070" started-at="2018-03-22T15:01:03Z" finished-at="2018-03-22T15:02:04Z">
          <reporter-output>
          </reporter-output>
        </test-method> <!-- VerifyAuctionCreatedTest -->
      </class> <!-- com.emr.qa.testcases.AuctionPageTest -->
    </test> <!-- Default test -->
  </suite> <!-- Default suite -->
</testng-results>
